<?xml version="1.0" encoding="UTF-8"?>
<testng-results ignored="0" total="1" passed="1" failed="0" skipped="0">
  <reporter-output>
  </reporter-output>
  <suite started-at="2024-09-17T22:19:59 IST" name="Default suite" finished-at="2024-09-17T22:20:26 IST" duration-ms="27122">
    <groups>
      <group name="cucumber">
        <method signature="AbstractTestNGCucumberTests.runScenario(io.cucumber.testng.PickleWrapper,io.cucumber.testng.FeatureWrapper)[pri:0, instance:TestRunners.loginTestRunner@26abb146]" name="runScenario" class="io.cucumber.testng.AbstractTestNGCucumberTests"/>
      </group> <!-- cucumber -->
    </groups>
    <test started-at="2024-09-17T22:19:59 IST" name="Default test" finished-at="2024-09-17T22:20:26 IST" duration-ms="27122">
      <class name="TestRunners.loginTestRunner">
        <test-method is-config="true" signature="setUpClass(org.testng.ITestContext)[pri:0, instance:TestRunners.loginTestRunner@26abb146]" started-at="2024-09-17T22:19:59 IST" name="setUpClass" finished-at="2024-09-17T22:20:00 IST" duration-ms="880" status="PASS">
          <params>
            <param index="0">
              <value>
                <![CDATA[org.testng.TestRunner@3337d04c]]>
              </value>
            </param>
          </params>
          <reporter-output>
          </reporter-output>
        </test-method> <!-- setUpClass -->
        <test-method signature="runScenario(io.cucumber.testng.PickleWrapper,io.cucumber.testng.FeatureWrapper)[pri:0, instance:TestRunners.loginTestRunner@26abb146]" started-at="2024-09-17T22:20:00 IST" name="runScenario" description="Runs Cucumber Scenarios" data-provider="scenarios" finished-at="2024-09-17T22:20:26 IST" duration-ms="26107" status="PASS">
          <params>
            <param index="0">
              <value>
                <![CDATA["Login successfully using correct credentials"]]>
              </value>
            </param>
            <param index="1">
              <value>
                <![CDATA["Login functionality test of gillette application"]]>
              </value>
            </param>
          </params>
          <reporter-output>
          </reporter-output>
        </test-method> <!-- runScenario -->
        <test-method is-config="true" signature="tearDownClass()[pri:0, instance:TestRunners.loginTestRunner@26abb146]" started-at="2024-09-17T22:20:26 IST" name="tearDownClass" finished-at="2024-09-17T22:20:26 IST" duration-ms="47" status="PASS">
          <reporter-output>
          </reporter-output>
        </test-method> <!-- tearDownClass -->
      </class> <!-- TestRunners.loginTestRunner -->
    </test> <!-- Default test -->
  </suite> <!-- Default suite -->
</testng-results>
